Build started 10-Feb-18 3:17:47 AM.
     1>Project "E:\New things\Angry_Birds level 3\Angry_Birds\Angry_Birds.vcxproj" on node 2 (build target(s)).
     1>InitializeBuildStatus:
         Creating "Debug\Angry_Birds.unsuccessfulbuild" because "AlwaysCreate" was specified.
       ClCompile:
         C:\Program Files (x86)\Microsoft Visual Studio 10.0\VC\bin\CL.exe /c /ZI /nologo /W3 /WX- /Od /Oy- /D _MBCS /Gm /EHsc /RTC1 /MDd /GS /fp:precise /Zc:wchar_t /Zc:forScope /Fo"Debug\\" /Fd"Debug\vc100.pdb" /Gd /TP /analyze- /errorReport:prompt iMain.cpp
         iMain.cpp
     1>e:\new things\angry_birds level 3\angry_birds\highscore.h(6): warning C4996: 'fopen': This function or variable may be unsafe. Consider using fopen_s instead. To disable deprecation, use _CRT_SECURE_NO_WARNINGS. See online help for details.
                 c:\program files (x86)\microsoft visual studio 10.0\vc\include\stdio.h(234) : see declaration of 'fopen'
     1>e:\new things\angry_birds level 3\angry_birds\highscore.h(30): warning C4996: 'fopen': This function or variable may be unsafe. Consider using fopen_s instead. To disable deprecation, use _CRT_SECURE_NO_WARNINGS. See online help for details.
                 c:\program files (x86)\microsoft visual studio 10.0\vc\include\stdio.h(234) : see declaration of 'fopen'
     1>e:\new things\angry_birds level 3\angry_birds\highscore.h(35): warning C4996: 'fscanf': This function or variable may be unsafe. Consider using fscanf_s instead. To disable deprecation, use _CRT_SECURE_NO_WARNINGS. See online help for details.
                 c:\program files (x86)\microsoft visual studio 10.0\vc\include\stdio.h(253) : see declaration of 'fscanf'
     1>e:\new things\angry_birds level 3\angry_birds\highscore.h(36): warning C4996: 'strcpy': This function or variable may be unsafe. Consider using strcpy_s instead. To disable deprecation, use _CRT_SECURE_NO_WARNINGS. See online help for details.
                 c:\program files (x86)\microsoft visual studio 10.0\vc\include\string.h(105) : see declaration of 'strcpy'
     1>e:\new things\angry_birds level 3\angry_birds\highscore.h(40): warning C4101: 'j' : unreferenced local variable
     1>e:\new things\angry_birds level 3\angry_birds\highscore.h(53): warning C4996: 'itoa': The POSIX name for this item is deprecated. Instead, use the ISO C++ conformant name: _itoa. See online help for details.
                 c:\program files (x86)\microsoft visual studio 10.0\vc\include\stdlib.h(867) : see declaration of 'itoa'
     1>e:\new things\angry_birds level 3\angry_birds\imain.cpp(597): warning C4996: 'itoa': The POSIX name for this item is deprecated. Instead, use the ISO C++ conformant name: _itoa. See online help for details.
                 c:\program files (x86)\microsoft visual studio 10.0\vc\include\stdlib.h(867) : see declaration of 'itoa'
     1>e:\new things\angry_birds level 3\angry_birds\imain.cpp(598): warning C4996: 'itoa': The POSIX name for this item is deprecated. Instead, use the ISO C++ conformant name: _itoa. See online help for details.
                 c:\program files (x86)\microsoft visual studio 10.0\vc\include\stdlib.h(867) : see declaration of 'itoa'
     1>e:\new things\angry_birds level 3\angry_birds\imain.cpp(606): warning C4996: 'sprintf': This function or variable may be unsafe. Consider using sprintf_s instead. To disable deprecation, use _CRT_SECURE_NO_WARNINGS. See online help for details.
                 c:\program files (x86)\microsoft visual studio 10.0\vc\include\stdio.h(371) : see declaration of 'sprintf'
       Link:
         C:\Program Files (x86)\Microsoft Visual Studio 10.0\VC\bin\link.exe /ERRORREPORT:PROMPT /OUT:"E:\New things\Angry_Birds level 3\Debug\Angry_Birds.exe" /NOLOGO kernel32.lib user32.lib gdi32.lib winspool.lib comdlg32.lib advapi32.lib shell32.lib ole32.lib oleaut32.lib uuid.lib odbc32.lib odbccp32.lib /MANIFEST /ManifestFile:"Debug\Angry_Birds.exe.intermediate.manifest" /MANIFESTUAC:"level='asInvoker' uiAccess='false'" /DEBUG /PDB:"E:\New things\Angry_Birds level 3\Debug\Angry_Birds.pdb" /TLBID:1 /DYNAMICBASE /NXCOMPAT /IMPLIB:"E:\New things\Angry_Birds level 3\Debug\Angry_Birds.lib" /MACHINE:X86 Debug\iMain.obj
         LINK : E:\New things\Angry_Birds level 3\Debug\Angry_Birds.exe not found or not built by the last incremental link; performing full link
         Angry_Birds.vcxproj -> E:\New things\Angry_Birds level 3\Debug\Angry_Birds.exe
       Manifest:
         C:\Program Files (x86)\Microsoft SDKs\Windows\v7.0A\bin\mt.exe /nologo /verbose /outputresource:"E:\New things\Angry_Birds level 3\Debug\Angry_Birds.exe;#1" /manifest Debug\Angry_Birds.exe.intermediate.manifest
       FinalizeBuildStatus:
         Deleting file "Debug\Angry_Birds.unsuccessfulbuild".
         Touching "Debug\Angry_Birds.lastbuildstate".
     1>Done Building Project "E:\New things\Angry_Birds level 3\Angry_Birds\Angry_Birds.vcxproj" (build target(s)).

Build succeeded.

Time Elapsed 00:00:04.42
